2019-12-24 12:15:21,125 NonParallelWorker ERROR Lab5.Tests.SmokeTests OneCanLoginBooking - System.NullReferenceException: Object reference not set to an instance of an object.
   at Lab5.Tests.SmokeTests.OneCanLoginBooking() in D:\Univer\Test\lab7_Framework1\Lab5\Lab5\Tests\SmokeTests.cs:line 41
2019-12-24 12:15:21,125 NonParallelWorker ERROR Lab5.Tests.SmokeTests OneCanLoginBooking - System.NullReferenceException: Object reference not set to an instance of an object.
   at Lab5.Tests.SmokeTests.OneCanLoginBooking() in D:\Univer\Test\lab7_Framework1\Lab5\Lab5\Tests\SmokeTests.cs:line 41
2019-12-24 12:19:34,068 NonParallelWorker ERROR Lab5.Tests.SmokeTests OneCanLoginBooking - System.NullReferenceException: Object reference not set to an instance of an object.
   at Lab5.Tests.SmokeTests.OneCanLoginBooking() in D:\Univer\Test\lab7_Framework1\Lab5\Lab5\Tests\SmokeTests.cs:line 41
2019-12-24 12:19:34,068 NonParallelWorker ERROR Lab5.Tests.SmokeTests OneCanLoginBooking - System.NullReferenceException: Object reference not set to an instance of an object.
   at Lab5.Tests.SmokeTests.OneCanLoginBooking() in D:\Univer\Test\lab7_Framework1\Lab5\Lab5\Tests\SmokeTests.cs:line 41
2019-12-24 12:22:23,988 NonParallelWorker ERROR Lab5.Tests.SmokeTests OneCanLoginBooking - System.NullReferenceException: Object reference not set to an instance of an object.
   at Lab5.Tests.SmokeTests.OneCanLoginBooking() in D:\Univer\Test\lab7_Framework1\Lab5\Lab5\Tests\SmokeTests.cs:line 42
2019-12-24 12:22:23,988 NonParallelWorker ERROR Lab5.Tests.SmokeTests OneCanLoginBooking - System.NullReferenceException: Object reference not set to an instance of an object.
   at Lab5.Tests.SmokeTests.OneCanLoginBooking() in D:\Univer\Test\lab7_Framework1\Lab5\Lab5\Tests\SmokeTests.cs:line 42
2019-12-24 12:23:31,115 NonParallelWorker ERROR Lab5.Tests.SmokeTests OneCanLoginBooking - System.NullReferenceException: Object reference not set to an instance of an object.
   at Lab5.Tests.SmokeTests.OneCanLoginBooking() in D:\Univer\Test\lab7_Framework1\Lab5\Lab5\Tests\SmokeTests.cs:line 42
2019-12-24 12:23:31,115 NonParallelWorker ERROR Lab5.Tests.SmokeTests OneCanLoginBooking - System.NullReferenceException: Object reference not set to an instance of an object.
   at Lab5.Tests.SmokeTests.OneCanLoginBooking() in D:\Univer\Test\lab7_Framework1\Lab5\Lab5\Tests\SmokeTests.cs:line 42
2019-12-24 12:24:47,269 NonParallelWorker ERROR Lab5.Tests.SmokeTests OneCanLoginBooking - System.NullReferenceException: Object reference not set to an instance of an object.
   at Lab5.Tests.SmokeTests.OneCanLoginBooking() in D:\Univer\Test\lab7_Framework1\Lab5\Lab5\Tests\SmokeTests.cs:line 42
2019-12-24 12:24:47,269 NonParallelWorker ERROR Lab5.Tests.SmokeTests OneCanLoginBooking - System.NullReferenceException: Object reference not set to an instance of an object.
   at Lab5.Tests.SmokeTests.OneCanLoginBooking() in D:\Univer\Test\lab7_Framework1\Lab5\Lab5\Tests\SmokeTests.cs:line 42
2019-12-24 12:47:55,155 NonParallelWorker ERROR Lab5.Tests.SmokeTests OneCanLoginBooking - System.NullReferenceException: Object reference not set to an instance of an object.
   at Lab5.Tests.SmokeTests.OneCanLoginBooking() in D:\Univer\Test\lab7_Framework1\Lab5\Lab5\Tests\SmokeTests.cs:line 42
2019-12-24 12:47:55,155 NonParallelWorker ERROR Lab5.Tests.SmokeTests OneCanLoginBooking - System.NullReferenceException: Object reference not set to an instance of an object.
   at Lab5.Tests.SmokeTests.OneCanLoginBooking() in D:\Univer\Test\lab7_Framework1\Lab5\Lab5\Tests\SmokeTests.cs:line 42
2019-12-24 12:50:04,947 NonParallelWorker ERROR Lab5.Tests.SmokeTests OneCanLoginBooking - System.NullReferenceException: Object reference not set to an instance of an object.
   at Lab5.Tests.SmokeTests.OneCanLoginBooking() in D:\Univer\Test\lab7_Framework1\Lab5\Lab5\Tests\SmokeTests.cs:line 42
2019-12-24 12:50:04,947 NonParallelWorker ERROR Lab5.Tests.SmokeTests OneCanLoginBooking - System.NullReferenceException: Object reference not set to an instance of an object.
   at Lab5.Tests.SmokeTests.OneCanLoginBooking() in D:\Univer\Test\lab7_Framework1\Lab5\Lab5\Tests\SmokeTests.cs:line 42
2019-12-24 15:54:43,297 NonParallelWorker ERROR Lab5.Tests.SmokeTests EnterIncorrecCity - System.NullReferenceException: Object reference not set to an instance of an object.
   at Lab5.Tests.SmokeTests.EnterIncorrecCity() in D:\Univer\Test\lab7_Framework1\Lab5\Lab5\Tests\SmokeTests.cs:line 72
2019-12-24 15:54:43,297 NonParallelWorker ERROR Lab5.Tests.SmokeTests EnterIncorrecCity - System.NullReferenceException: Object reference not set to an instance of an object.
   at Lab5.Tests.SmokeTests.EnterIncorrecCity() in D:\Univer\Test\lab7_Framework1\Lab5\Lab5\Tests\SmokeTests.cs:line 72
2019-12-24 15:54:47,866 NonParallelWorker ERROR Lab5.Tests.SmokeTests OneCanLoginBooking - OpenQA.Selenium.WebDriverException: Unexpected error. System.Net.WebException: Unable to connect to the remote server ---> System.Net.Sockets.SocketException: No connection could be made because the target machine actively refused it 127.0.0.1:63656
   at System.Net.Sockets.Socket.DoConnect(EndPoint endPointSnapshot, SocketAddress socketAddress)
   at System.Net.ServicePoint.ConnectSocketInternal(Boolean connectFailure, Socket s4, Socket s6, Socket& socket, IPAddress& address, ConnectSocketState state, IAsyncResult asyncResult, Exception& exception)
   --- End of inner exception stack trace ---
   at System.Net.HttpWebRequest.GetRequestStream(TransportContext& context)
   at System.Net.HttpWebRequest.GetRequestStream()
   at OpenQA.Selenium.Remote.HttpCommandExecutor.MakeHttpRequest(HttpRequestInfo requestInfo)
   at OpenQA.Selenium.Remote.HttpCommandExecutor.Execute(Command commandToExecute)
   at OpenQA.Selenium.Remote.DriverServiceCommandExecutor.Execute(Command commandToExecute)
   at OpenQA.Selenium.Remote.RemoteWebDriver.Execute(String driverCommandToExecute, Dictionary`2 parameters)
   at OpenQA.Selenium.Remote.RemoteWebDriver.UnpackAndThrowOnError(Response errorResponse)
   at OpenQA.Selenium.Remote.RemoteWebDriver.Execute(String driverCommandToExecute, Dictionary`2 parameters)
   at OpenQA.Selenium.Remote.RemoteWebDriver.set_Url(String value)
   at OpenQA.Selenium.Remote.RemoteNavigator.GoToUrl(String url)
   at Lab5.Page.LoginPage.OpenPage() in D:\Univer\Test\lab7_Framework1\Lab5\Lab5\Page\LoginPage.cs:line 42
   at Lab5.Steps.Steps.LoginBooking(String username, String password) in D:\Univer\Test\lab7_Framework1\Lab5\Lab5\Steps\Steps.cs:line 23
   at Lab5.Tests.SmokeTests.OneCanLoginBooking() in D:\Univer\Test\lab7_Framework1\Lab5\Lab5\Tests\SmokeTests.cs:line 46
2019-12-24 15:54:47,866 NonParallelWorker ERROR Lab5.Tests.SmokeTests OneCanLoginBooking - OpenQA.Selenium.WebDriverException: Unexpected error. System.Net.WebException: Unable to connect to the remote server ---> System.Net.Sockets.SocketException: No connection could be made because the target machine actively refused it 127.0.0.1:63656
   at System.Net.Sockets.Socket.DoConnect(EndPoint endPointSnapshot, SocketAddress socketAddress)
   at System.Net.ServicePoint.ConnectSocketInternal(Boolean connectFailure, Socket s4, Socket s6, Socket& socket, IPAddress& address, ConnectSocketState state, IAsyncResult asyncResult, Exception& exception)
   --- End of inner exception stack trace ---
   at System.Net.HttpWebRequest.GetRequestStream(TransportContext& context)
   at System.Net.HttpWebRequest.GetRequestStream()
   at OpenQA.Selenium.Remote.HttpCommandExecutor.MakeHttpRequest(HttpRequestInfo requestInfo)
   at OpenQA.Selenium.Remote.HttpCommandExecutor.Execute(Command commandToExecute)
   at OpenQA.Selenium.Remote.DriverServiceCommandExecutor.Execute(Command commandToExecute)
   at OpenQA.Selenium.Remote.RemoteWebDriver.Execute(String driverCommandToExecute, Dictionary`2 parameters)
   at OpenQA.Selenium.Remote.RemoteWebDriver.UnpackAndThrowOnError(Response errorResponse)
   at OpenQA.Selenium.Remote.RemoteWebDriver.Execute(String driverCommandToExecute, Dictionary`2 parameters)
   at OpenQA.Selenium.Remote.RemoteWebDriver.set_Url(String value)
   at OpenQA.Selenium.Remote.RemoteNavigator.GoToUrl(String url)
   at Lab5.Page.LoginPage.OpenPage() in D:\Univer\Test\lab7_Framework1\Lab5\Lab5\Page\LoginPage.cs:line 42
   at Lab5.Steps.Steps.LoginBooking(String username, String password) in D:\Univer\Test\lab7_Framework1\Lab5\Lab5\Steps\Steps.cs:line 23
   at Lab5.Tests.SmokeTests.OneCanLoginBooking() in D:\Univer\Test\lab7_Framework1\Lab5\Lab5\Tests\SmokeTests.cs:line 46
2019-12-24 15:56:17,263 NonParallelWorker ERROR Lab5.Tests.SmokeTests OneCanLoginBooking - OpenQA.Selenium.WebDriverException: Unexpected error. System.Net.WebException: Unable to connect to the remote server ---> System.Net.Sockets.SocketException: No connection could be made because the target machine actively refused it 127.0.0.1:63740
   at System.Net.Sockets.Socket.DoConnect(EndPoint endPointSnapshot, SocketAddress socketAddress)
   at System.Net.ServicePoint.ConnectSocketInternal(Boolean connectFailure, Socket s4, Socket s6, Socket& socket, IPAddress& address, ConnectSocketState state, IAsyncResult asyncResult, Exception& exception)
   --- End of inner exception stack trace ---
   at System.Net.HttpWebRequest.GetRequestStream(TransportContext& context)
   at System.Net.HttpWebRequest.GetRequestStream()
   at OpenQA.Selenium.Remote.HttpCommandExecutor.MakeHttpRequest(HttpRequestInfo requestInfo)
   at OpenQA.Selenium.Remote.HttpCommandExecutor.Execute(Command commandToExecute)
   at OpenQA.Selenium.Remote.DriverServiceCommandExecutor.Execute(Command commandToExecute)
   at OpenQA.Selenium.Remote.RemoteWebDriver.Execute(String driverCommandToExecute, Dictionary`2 parameters)
   at OpenQA.Selenium.Remote.RemoteWebDriver.UnpackAndThrowOnError(Response errorResponse)
   at OpenQA.Selenium.Remote.RemoteWebDriver.Execute(String driverCommandToExecute, Dictionary`2 parameters)
   at OpenQA.Selenium.Remote.RemoteWebDriver.set_Url(String value)
   at OpenQA.Selenium.Remote.RemoteNavigator.GoToUrl(String url)
   at Lab5.Page.LoginPage.OpenPage() in D:\Univer\Test\lab7_Framework1\Lab5\Lab5\Page\LoginPage.cs:line 42
   at Lab5.Steps.Steps.LoginBooking(String username, String password) in D:\Univer\Test\lab7_Framework1\Lab5\Lab5\Steps\Steps.cs:line 23
   at Lab5.Tests.SmokeTests.OneCanLoginBooking() in D:\Univer\Test\lab7_Framework1\Lab5\Lab5\Tests\SmokeTests.cs:line 47
2019-12-24 15:56:17,263 NonParallelWorker ERROR Lab5.Tests.SmokeTests OneCanLoginBooking - OpenQA.Selenium.WebDriverException: Unexpected error. System.Net.WebException: Unable to connect to the remote server ---> System.Net.Sockets.SocketException: No connection could be made because the target machine actively refused it 127.0.0.1:63740
   at System.Net.Sockets.Socket.DoConnect(EndPoint endPointSnapshot, SocketAddress socketAddress)
   at System.Net.ServicePoint.ConnectSocketInternal(Boolean connectFailure, Socket s4, Socket s6, Socket& socket, IPAddress& address, ConnectSocketState state, IAsyncResult asyncResult, Exception& exception)
   --- End of inner exception stack trace ---
   at System.Net.HttpWebRequest.GetRequestStream(TransportContext& context)
   at System.Net.HttpWebRequest.GetRequestStream()
   at OpenQA.Selenium.Remote.HttpCommandExecutor.MakeHttpRequest(HttpRequestInfo requestInfo)
   at OpenQA.Selenium.Remote.HttpCommandExecutor.Execute(Command commandToExecute)
   at OpenQA.Selenium.Remote.DriverServiceCommandExecutor.Execute(Command commandToExecute)
   at OpenQA.Selenium.Remote.RemoteWebDriver.Execute(String driverCommandToExecute, Dictionary`2 parameters)
   at OpenQA.Selenium.Remote.RemoteWebDriver.UnpackAndThrowOnError(Response errorResponse)
   at OpenQA.Selenium.Remote.RemoteWebDriver.Execute(String driverCommandToExecute, Dictionary`2 parameters)
   at OpenQA.Selenium.Remote.RemoteWebDriver.set_Url(String value)
   at OpenQA.Selenium.Remote.RemoteNavigator.GoToUrl(String url)
   at Lab5.Page.LoginPage.OpenPage() in D:\Univer\Test\lab7_Framework1\Lab5\Lab5\Page\LoginPage.cs:line 42
   at Lab5.Steps.Steps.LoginBooking(String username, String password) in D:\Univer\Test\lab7_Framework1\Lab5\Lab5\Steps\Steps.cs:line 23
   at Lab5.Tests.SmokeTests.OneCanLoginBooking() in D:\Univer\Test\lab7_Framework1\Lab5\Lab5\Tests\SmokeTests.cs:line 47
2019-12-24 15:58:30,493 NonParallelWorker ERROR Lab5.Tests.SmokeTests OneCanLoginBooking - OpenQA.Selenium.NoSuchElementException: Could not find element by: By.CssSelector: .header_name.user_firstname.ge-no-yellow-bg
   at OpenQA.Selenium.Support.PageObjects.DefaultElementLocator.LocateElement(IEnumerable`1 bys)
   at OpenQA.Selenium.Support.PageObjects.WebElementProxy.get_Element()
   at OpenQA.Selenium.Support.PageObjects.WebElementProxy.Invoke(IMessage msg)
   at System.Runtime.Remoting.Proxies.RealProxy.PrivateInvoke(MessageData& msgData, Int32 type)
   at OpenQA.Selenium.IWebElement.Click()
   at Lab5.Page.LoginPage.Login(String username, String password) in D:\Univer\Test\lab7_Framework1\Lab5\Lab5\Page\LoginPage.cs:line 53
   at Lab5.Steps.Steps.LoginBooking(String username, String password) in D:\Univer\Test\lab7_Framework1\Lab5\Lab5\Steps\Steps.cs:line 24
   at Lab5.Tests.SmokeTests.OneCanLoginBooking() in D:\Univer\Test\lab7_Framework1\Lab5\Lab5\Tests\SmokeTests.cs:line 47
2019-12-24 15:58:30,493 NonParallelWorker ERROR Lab5.Tests.SmokeTests OneCanLoginBooking - OpenQA.Selenium.NoSuchElementException: Could not find element by: By.CssSelector: .header_name.user_firstname.ge-no-yellow-bg
   at OpenQA.Selenium.Support.PageObjects.DefaultElementLocator.LocateElement(IEnumerable`1 bys)
   at OpenQA.Selenium.Support.PageObjects.WebElementProxy.get_Element()
   at OpenQA.Selenium.Support.PageObjects.WebElementProxy.Invoke(IMessage msg)
   at System.Runtime.Remoting.Proxies.RealProxy.PrivateInvoke(MessageData& msgData, Int32 type)
   at OpenQA.Selenium.IWebElement.Click()
   at Lab5.Page.LoginPage.Login(String username, String password) in D:\Univer\Test\lab7_Framework1\Lab5\Lab5\Page\LoginPage.cs:line 53
   at Lab5.Steps.Steps.LoginBooking(String username, String password) in D:\Univer\Test\lab7_Framework1\Lab5\Lab5\Steps\Steps.cs:line 24
   at Lab5.Tests.SmokeTests.OneCanLoginBooking() in D:\Univer\Test\lab7_Framework1\Lab5\Lab5\Tests\SmokeTests.cs:line 47
